C:\Program Files\Microsoft Visual Studio\2022\Community\MSBuild\Microsoft\VC\v170\Microsoft.CppBuild.targets(517,5): warning MSB8028: The intermediate directory (x64\Debug\) contains files shared from another project (DropletEvaporation(IDA).vcxproj).  This can lead to incorrect clean and rebuild behavior.
  DropletEvaporation(IDA).cpp
C:\kinsol\kinsol-6.5.1\include\kinsol\kinsol.h(143,1): warning C4141: 'dllimport': used more than once
C:\kinsol\kinsol-6.5.1\include\sunnonlinsol\sunnonlinsol_newton.h(121,1): warning C4141: 'dllimport': used more than once
C:\Users\user\source\Научная работа\DropletEvaporation(IDA)\DropletEvaporation(IDA).cpp(211,27): warning C4267: 'initializing': conversion from 'size_t' to 'int', possible loss of data
C:\Users\user\source\Научная работа\DropletEvaporation(IDA)\DropletEvaporation(IDA).cpp(212,30): warning C4267: 'initializing': conversion from 'size_t' to 'int', possible loss of data
C:\Users\user\source\Научная работа\DropletEvaporation(IDA)\DropletEvaporation(IDA).cpp(632,19): warning C4101: 'term2': unreferenced local variable
C:\Users\user\source\Научная работа\DropletEvaporation(IDA)\DropletEvaporation(IDA).cpp(1343,26): warning C4244: '=': conversion from 'realtype' to 'int', possible loss of data
C:\Users\user\source\Научная работа\DropletEvaporation(IDA)\DropletEvaporation(IDA).cpp(1412,30): warning C4244: '=': conversion from 'realtype' to 'int', possible loss of data
C:\Users\user\source\Научная работа\DropletEvaporation(IDA)\DropletEvaporation(IDA).cpp(1132,12): warning C4101: 'Ti_out': unreferenced local variable
C:\Users\user\source\Научная работа\DropletEvaporation(IDA)\DropletEvaporation(IDA).cpp(1310,12): warning C4101: 'mod_ypval': unreferenced local variable
C:\Users\user\source\Научная работа\DropletEvaporation(IDA)\DropletEvaporation(IDA).cpp(1045,23): warning C4101: 'retvalr': unreferenced local variable
C:\Users\user\source\Научная работа\DropletEvaporation(IDA)\DropletEvaporation(IDA).cpp(1443,21): warning C4244: 'initializing': conversion from 'double' to 'int', possible loss of data
C:\Users\user\source\Научная работа\DropletEvaporation(IDA)\DropletEvaporation(IDA).cpp(1482,12): warning C4101: 'W': unreferenced local variable
C:\Users\user\source\Научная работа\DropletEvaporation(IDA)\DropletEvaporation(IDA).cpp(1489,13): warning C4101: 'my_x': unreferenced local variable
C:\Users\user\source\Научная работа\DropletEvaporation(IDA)\DropletEvaporation(IDA).cpp(1482,26): warning C4101: 'Y_O2': unreferenced local variable
C:\Users\user\source\Научная работа\DropletEvaporation(IDA)\DropletEvaporation(IDA).cpp(1482,20): warning C4101: 'Y_H2': unreferenced local variable
C:\Users\user\source\Научная работа\DropletEvaporation(IDA)\DropletEvaporation(IDA).cpp(1494,15): warning C4101: 'h_left': unreferenced local variable
C:\Users\user\source\Научная работа\DropletEvaporation(IDA)\DropletEvaporation(IDA).cpp(1495,12): warning C4101: 'x_start': unreferenced local variable
C:\Users\user\source\Научная работа\DropletEvaporation(IDA)\DropletEvaporation(IDA).cpp(1485,12): warning C4101: 'w_dot': unreferenced local variable
C:\Users\user\source\Научная работа\DropletEvaporation(IDA)\DropletEvaporation(IDA).cpp(1494,12): warning C4101: 'h': unreferenced local variable
C:\Users\user\source\Научная работа\DropletEvaporation(IDA)\DropletEvaporation(IDA).cpp(1495,21): warning C4101: 'x_finish': unreferenced local variable
C:\Users\user\source\Научная работа\DropletEvaporation(IDA)\DropletEvaporation(IDA).cpp(1494,23): warning C4101: 'dTdx': unreferenced local variable
C:\Users\user\source\Научная работа\DropletEvaporation(IDA)\DropletEvaporation(IDA).cpp(1482,15): warning C4101: 'rho': unreferenced local variable
C:\Users\user\source\Научная работа\DropletEvaporation(IDA)\DropletEvaporation(IDA).cpp(1568,12): warning C4101: 'W': unreferenced local variable
C:\Users\user\source\Научная работа\DropletEvaporation(IDA)\DropletEvaporation(IDA).cpp(1555,12): warning C4101: 'M': unreferenced local variable
C:\Users\user\source\Научная работа\DropletEvaporation(IDA)\DropletEvaporation(IDA).cpp(1567,18): warning C4101: 'Y_O2': unreferenced local variable
C:\Users\user\source\Научная работа\DropletEvaporation(IDA)\DropletEvaporation(IDA).cpp(1567,12): warning C4101: 'Y_H2': unreferenced local variable
C:\Users\user\source\Научная работа\DropletEvaporation(IDA)\DropletEvaporation(IDA).cpp(1554,46): warning C4101: 'Tp_vect': unreferenced local variable
C:\Users\user\source\Научная работа\DropletEvaporation(IDA)\DropletEvaporation(IDA).cpp(1554,57): warning C4101: 'Yp_vect': unreferenced local variable
C:\Users\user\source\Научная работа\DropletEvaporation(IDA)\DropletEvaporation(IDA).cpp(1569,12): warning C4101: 'rho': unreferenced local variable
  DanilErshov.vcxproj -> C:\IDA\BUILDDIR\bin\Debug\DropletEvaporation(IDA).exe
